2022/08/07 21:17:25 [warning] [system.web.CHttpSession] Failed to start session.
in /var/www/html/conexa-blog/protected/views/layouts/main.php (35)
in /var/www/html/conexa-blog/protected/views/layouts/column1.php (6)
in /var/www/html/conexa-blog/protected/controllers/SiteController.php (32)
2022/08/07 21:17:25 [warning] [system.web.CHttpSession] Failed to start session.
in /var/www/html/conexa-blog/protected/views/layouts/main.php (35)
in /var/www/html/conexa-blog/protected/views/layouts/column1.php (6)
in /var/www/html/conexa-blog/protected/controllers/SiteController.php (32)
2022/08/07 21:22:28 [warning] [system.web.CHttpSession] Failed to start session.
in /var/www/html/conexa-blog/protected/views/layouts/main.php (35)
in /var/www/html/conexa-blog/protected/views/layouts/column1.php (6)
in /var/www/html/conexa-blog/protected/controllers/SiteController.php (98)
2022/08/07 21:22:28 [warning] [system.web.CHttpSession] Failed to start session.
in /var/www/html/conexa-blog/protected/views/layouts/main.php (35)
in /var/www/html/conexa-blog/protected/views/layouts/column1.php (6)
in /var/www/html/conexa-blog/protected/controllers/SiteController.php (98)
2022/08/07 21:22:36 [warning] [system.web.CHttpSession] Failed to start session.
in /var/www/html/conexa-blog/protected/models/LoginForm.php (73)
in /var/www/html/conexa-blog/protected/controllers/SiteController.php (94)
in /var/www/html/conexa-blog/index.php (13)
2022/08/07 21:22:36 [warning] [system.web.CHttpSession] Failed to start session.
in /var/www/html/conexa-blog/protected/models/LoginForm.php (73)
in /var/www/html/conexa-blog/protected/controllers/SiteController.php (94)
in /var/www/html/conexa-blog/index.php (13)
2022/08/07 21:22:36 [warning] [system.web.CHttpSession] Failed to start session.
in /var/www/html/conexa-blog/protected/views/layouts/main.php (35)
in /var/www/html/conexa-blog/protected/views/layouts/column1.php (6)
in /var/www/html/conexa-blog/protected/controllers/SiteController.php (32)
2022/08/07 21:22:36 [warning] [system.web.CHttpSession] Failed to start session.
in /var/www/html/conexa-blog/protected/views/layouts/main.php (35)
in /var/www/html/conexa-blog/protected/views/layouts/column1.php (6)
in /var/www/html/conexa-blog/protected/controllers/SiteController.php (32)
2022/08/07 21:22:47 [warning] [system.web.CHttpSession] Failed to start session.
in /var/www/html/conexa-blog/protected/views/layouts/main.php (35)
in /var/www/html/conexa-blog/protected/views/layouts/column1.php (6)
in /var/www/html/conexa-blog/protected/controllers/SiteController.php (32)
2022/08/07 21:22:47 [warning] [system.web.CHttpSession] Failed to start session.
in /var/www/html/conexa-blog/protected/views/layouts/main.php (35)
in /var/www/html/conexa-blog/protected/views/layouts/column1.php (6)
in /var/www/html/conexa-blog/protected/controllers/SiteController.php (32)
2022/08/07 21:22:55 [warning] [system.web.CHttpSession] Failed to start session.
in /var/www/html/conexa-blog/protected/views/layouts/main.php (35)
in /var/www/html/conexa-blog/protected/views/layouts/column1.php (6)
in /var/www/html/conexa-blog/protected/controllers/SiteController.php (32)
2022/08/07 21:22:55 [warning] [system.web.CHttpSession] Failed to start session.
in /var/www/html/conexa-blog/protected/views/layouts/main.php (35)
in /var/www/html/conexa-blog/protected/views/layouts/column1.php (6)
in /var/www/html/conexa-blog/protected/controllers/SiteController.php (32)
2022/08/07 21:22:56 [warning] [system.web.CHttpSession] Failed to start session.
in /var/www/html/conexa-blog/protected/views/layouts/main.php (35)
in /var/www/html/conexa-blog/protected/views/layouts/column1.php (6)
in /var/www/html/conexa-blog/index.php (13)
2022/08/07 21:22:56 [warning] [system.web.CHttpSession] Failed to start session.
in /var/www/html/conexa-blog/protected/views/layouts/main.php (35)
in /var/www/html/conexa-blog/protected/views/layouts/column1.php (6)
in /var/www/html/conexa-blog/index.php (13)
2022/08/07 21:23:00 [warning] [system.web.CHttpSession] Failed to start session.
in /var/www/html/conexa-blog/protected/views/site/contact.php (14)
in /var/www/html/conexa-blog/protected/controllers/SiteController.php (72)
in /var/www/html/conexa-blog/index.php (13)
2022/08/07 21:23:00 [warning] [system.web.CHttpSession] Failed to start session.
in /var/www/html/conexa-blog/protected/views/site/contact.php (14)
in /var/www/html/conexa-blog/protected/controllers/SiteController.php (72)
in /var/www/html/conexa-blog/index.php (13)
2022/08/07 21:23:01 [warning] [system.web.CHttpSession] Failed to start session.
in /var/www/html/conexa-blog/protected/views/layouts/main.php (35)
in /var/www/html/conexa-blog/protected/views/layouts/column1.php (6)
in /var/www/html/conexa-blog/protected/controllers/SiteController.php (98)
2022/08/07 21:23:01 [warning] [system.web.CHttpSession] Failed to start session.
in /var/www/html/conexa-blog/protected/views/layouts/main.php (35)
in /var/www/html/conexa-blog/protected/views/layouts/column1.php (6)
in /var/www/html/conexa-blog/protected/controllers/SiteController.php (98)
2022/08/07 21:23:05 [warning] [system.web.CHttpSession] Failed to start session.
in /var/www/html/conexa-blog/protected/models/LoginForm.php (73)
in /var/www/html/conexa-blog/protected/controllers/SiteController.php (94)
in /var/www/html/conexa-blog/index.php (13)
2022/08/07 21:23:05 [warning] [system.web.CHttpSession] Failed to start session.
in /var/www/html/conexa-blog/protected/models/LoginForm.php (73)
in /var/www/html/conexa-blog/protected/controllers/SiteController.php (94)
in /var/www/html/conexa-blog/index.php (13)
2022/08/07 21:23:05 [warning] [system.web.CHttpSession] Failed to start session.
in /var/www/html/conexa-blog/protected/views/layouts/main.php (35)
in /var/www/html/conexa-blog/protected/views/layouts/column1.php (6)
in /var/www/html/conexa-blog/protected/controllers/SiteController.php (32)
2022/08/07 21:23:05 [warning] [system.web.CHttpSession] Failed to start session.
in /var/www/html/conexa-blog/protected/views/layouts/main.php (35)
in /var/www/html/conexa-blog/protected/views/layouts/column1.php (6)
in /var/www/html/conexa-blog/protected/controllers/SiteController.php (32)
2022/08/07 21:23:09 [warning] [system.web.CHttpSession] Failed to start session.
in /var/www/html/conexa-blog/protected/views/layouts/main.php (35)
in /var/www/html/conexa-blog/protected/views/layouts/column1.php (6)
in /var/www/html/conexa-blog/protected/controllers/SiteController.php (98)
2022/08/07 21:23:09 [warning] [system.web.CHttpSession] Failed to start session.
in /var/www/html/conexa-blog/protected/views/layouts/main.php (35)
in /var/www/html/conexa-blog/protected/views/layouts/column1.php (6)
in /var/www/html/conexa-blog/protected/controllers/SiteController.php (98)
2022/08/07 21:23:13 [warning] [system.web.CHttpSession] Failed to start session.
in /var/www/html/conexa-blog/protected/models/LoginForm.php (73)
in /var/www/html/conexa-blog/protected/controllers/SiteController.php (94)
in /var/www/html/conexa-blog/index.php (13)
2022/08/07 21:23:13 [warning] [system.web.CHttpSession] Failed to start session.
in /var/www/html/conexa-blog/protected/models/LoginForm.php (73)
in /var/www/html/conexa-blog/protected/controllers/SiteController.php (94)
in /var/www/html/conexa-blog/index.php (13)
2022/08/07 21:23:13 [warning] [system.web.CHttpSession] Failed to start session.
in /var/www/html/conexa-blog/protected/views/layouts/main.php (35)
in /var/www/html/conexa-blog/protected/views/layouts/column1.php (6)
in /var/www/html/conexa-blog/protected/controllers/SiteController.php (32)
2022/08/07 21:23:13 [warning] [system.web.CHttpSession] Failed to start session.
in /var/www/html/conexa-blog/protected/views/layouts/main.php (35)
in /var/www/html/conexa-blog/protected/views/layouts/column1.php (6)
in /var/www/html/conexa-blog/protected/controllers/SiteController.php (32)
